{"E:\\web_projects\\projects\\pettie\\webpack-petite-vue\\src\\js\\api\\user\\UserModel.js": {"path":"E:\\web_projects\\projects\\pettie\\webpack-petite-vue\\src\\js\\api\\user\\UserModel.js","statementMap":{"0":{"start":{"line":3,"column":4},"end":{"line":3,"column":17}},"1":{"start":{"line":4,"column":4},"end":{"line":4,"column":21}},"2":{"start":{"line":8,"column":4},"end":{"line":11,"column":7}}},"fnMap":{"0":{"name":"(anonymous_0)","decl":{"start":{"line":2,"column":2},"end":{"line":2,"column":3}},"loc":{"start":{"line":2,"column":27},"end":{"line":5,"column":3}},"line":2},"1":{"name":"(anonymous_1)","decl":{"start":{"line":7,"column":2},"end":{"line":7,"column":3}},"loc":{"start":{"line":7,"column":24},"end":{"line":12,"column":3}},"line":7}},"branchMap":{},"s":{"0":4,"1":4,"2":4},"f":{"0":4,"1":4},"b":{},"_coverageSchema":"1a1c01bbd47fc00a2c39e90264f33305004495a9","hash":"beb624bbccc26ecf542b7d7177d43b3442ec99ec"}
,"E:\\web_projects\\projects\\pettie\\webpack-petite-vue\\src\\js\\api\\user\\UserService.js": {"path":"E:\\web_projects\\projects\\pettie\\webpack-petite-vue\\src\\js\\api\\user\\UserService.js","statementMap":{"0":{"start":{"line":5,"column":4},"end":{"line":5,"column":25}},"1":{"start":{"line":8,"column":21},"end":{"line":8,"column":51}},"2":{"start":{"line":9,"column":4},"end":{"line":9,"column":26}},"3":{"start":{"line":10,"column":4},"end":{"line":12,"column":5}},"4":{"start":{"line":11,"column":6},"end":{"line":11,"column":34}},"5":{"start":{"line":14,"column":4},"end":{"line":14,"column":50}}},"fnMap":{"0":{"name":"(anonymous_0)","decl":{"start":{"line":4,"column":2},"end":{"line":4,"column":3}},"loc":{"start":{"line":4,"column":21},"end":{"line":6,"column":3}},"line":4},"1":{"name":"(anonymous_1)","decl":{"start":{"line":7,"column":2},"end":{"line":7,"column":3}},"loc":{"start":{"line":7,"column":21},"end":{"line":15,"column":3}},"line":7}},"branchMap":{"0":{"loc":{"start":{"line":10,"column":4},"end":{"line":12,"column":5}},"type":"if","locations":[{"start":{"line":10,"column":4},"end":{"line":12,"column":5}},{"start":{},"end":{}}],"line":10}},"s":{"0":2,"1":1,"2":1,"3":1,"4":0,"5":1},"f":{"0":2,"1":1},"b":{"0":[0,1]},"_coverageSchema":"1a1c01bbd47fc00a2c39e90264f33305004495a9","hash":"a6a12bdef90d3f2684a92e20c893d434a81333a1"}
,"E:\\web_projects\\projects\\pettie\\webpack-petite-vue\\src\\js\\store\\user.js": {"path":"E:\\web_projects\\projects\\pettie\\webpack-petite-vue\\src\\js\\store\\user.js","statementMap":{"0":{"start":{"line":4,"column":16},"end":{"line":8,"column":4}},"1":{"start":{"line":11,"column":4},"end":{"line":19,"column":5}},"2":{"start":{"line":12,"column":6},"end":{"line":12,"column":29}},"3":{"start":{"line":13,"column":6},"end":{"line":13,"column":50}},"4":{"start":{"line":15,"column":6},"end":{"line":15,"column":27}},"5":{"start":{"line":16,"column":6},"end":{"line":16,"column":21}},"6":{"start":{"line":18,"column":6},"end":{"line":18,"column":30}},"7":{"start":{"line":22,"column":2},"end":{"line":27,"column":3}},"8":{"start":{"line":24,"column":17},"end":{"line":24,"column":34}},"9":{"start":{"line":25,"column":22},"end":{"line":25,"column":44}},"10":{"start":{"line":26,"column":20},"end":{"line":26,"column":40}}},"fnMap":{"0":{"name":"(anonymous_0)","decl":{"start":{"line":3,"column":15},"end":{"line":3,"column":16}},"loc":{"start":{"line":3,"column":36},"end":{"line":28,"column":1}},"line":3},"1":{"name":"init","decl":{"start":{"line":10,"column":17},"end":{"line":10,"column":21}},"loc":{"start":{"line":10,"column":24},"end":{"line":20,"column":3}},"line":10},"2":{"name":"(anonymous_2)","decl":{"start":{"line":24,"column":4},"end":{"line":24,"column":5}},"loc":{"start":{"line":24,"column":15},"end":{"line":24,"column":36}},"line":24},"3":{"name":"(anonymous_3)","decl":{"start":{"line":25,"column":4},"end":{"line":25,"column":5}},"loc":{"start":{"line":25,"column":20},"end":{"line":25,"column":46}},"line":25},"4":{"name":"(anonymous_4)","decl":{"start":{"line":26,"column":4},"end":{"line":26,"column":5}},"loc":{"start":{"line":26,"column":18},"end":{"line":26,"column":42}},"line":26}},"branchMap":{},"s":{"0":1,"1":1,"2":1,"3":1,"4":0,"5":0,"6":1,"7":1,"8":1,"9":0,"10":0},"f":{"0":1,"1":1,"2":1,"3":0,"4":0},"b":{},"_coverageSchema":"1a1c01bbd47fc00a2c39e90264f33305004495a9","hash":"4966239b31aa7dd21f4e40945fd8d65685b27e7a"}
}
