TN:
SF:src\js\api\user\UserModel.js
FN:2,(anonymous_0)
FN:7,(anonymous_1)
FNF:2
FNH:2
FNDA:4,(anonymous_0)
FNDA:4,(anonymous_1)
DA:3,4
DA:4,4
DA:8,4
LF:3
LH:3
BRF:0
BRH:0
end_of_record
TN:
SF:src\js\api\user\UserService.js
FN:4,(anonymous_0)
FN:7,(anonymous_1)
FNF:2
FNH:2
FNDA:2,(anonymous_0)
FNDA:1,(anonymous_1)
DA:5,2
DA:8,1
DA:9,1
DA:10,1
DA:11,0
DA:14,1
LF:6
LH:5
BRDA:10,0,0,0
BRDA:10,0,1,1
BRF:2
BRH:1
end_of_record
TN:
SF:src\js\store\user.js
FN:3,(anonymous_0)
FN:10,init
FN:24,(anonymous_2)
FN:25,(anonymous_3)
FN:26,(anonymous_4)
FNF:5
FNH:3
FNDA:1,(anonymous_0)
FNDA:1,init
FNDA:1,(anonymous_2)
FNDA:0,(anonymous_3)
FNDA:0,(anonymous_4)
DA:4,1
DA:11,1
DA:12,1
DA:13,1
DA:15,0
DA:16,0
DA:18,1
DA:22,1
DA:24,1
DA:25,0
DA:26,0
LF:11
LH:7
BRF:0
BRH:0
end_of_record
